-encoding
UTF-8
-outxml
-source
1.7
-target
1.7
-classpath
C:\Users\Jean-François\.m2\repository\aopalliance\aopalliance\1.0\aopalliance-1.0.jar;C:\Users\Jean-François\.m2\repository\com\fasterxml\jackson\core\jackson-annotations\2.4.0\jackson-annotations-2.4.0.jar;C:\Users\Jean-François\.m2\repository\com\fasterxml\jackson\core\jackson-core\2.4.1\jackson-core-2.4.1.jar;C:\Users\Jean-François\.m2\repository\com\fasterxml\jackson\core\jackson-databind\2.4.1\jackson-databind-2.4.1.jar;C:\Users\Jean-François\.m2\repository\com\thoughtworks\xstream\xstream\1.4.7\xstream-1.4.7.jar;C:\Users\Jean-François\.m2\repository\commons-logging\commons-logging\1.1.3\commons-logging-1.1.3.jar;C:\Users\Jean-François\.m2\repository\javax\servlet\servlet-api\2.5\servlet-api-2.5.jar;C:\Users\Jean-François\.m2\repository\javax\servlet\jsp\jsp-api\2.1\jsp-api-2.1.jar;C:\Users\Jean-François\.m2\repository\javax\servlet\jsp\jstl\jstl-api\1.2\jstl-api-1.2.jar;C:\Users\Jean-François\.m2\repository\javax\validation\validation-api\1.0.0.GA\validation-api-1.0.0.GA.jar;C:\Users\Jean-François\.m2\repository\joda-time\joda-time\2.4\joda-time-2.4.jar;C:\Users\Jean-François\.m2\repository\junit\junit\4.11\junit-4.11.jar;C:\Users\Jean-François\.m2\repository\log4j\log4j\1.2.17\log4j-1.2.17.jar;C:\Users\Jean-François\.m2\repository\org\aspectj\aspectjrt\1.8.2\aspectjrt-1.8.2.jar;C:\Users\Jean-François\.m2\repository\org\hibernate\hibernate-validator\4.1.0.Final\hibernate-validator-4.1.0.Final.jar;C:\Users\Jean-François\.m2\repository\org\mockito\mockito-all\1.9.5\mockito-all-1.9.5.jar;C:\Users\Jean-François\.m2\repository\org\slf4j\jcl-over-slf4j\1.7.7\jcl-over-slf4j-1.7.7.jar;C:\Users\Jean-François\.m2\repository\org\slf4j\slf4j-api\1.7.7\slf4j-api-1.7.7.jar;C:\Users\Jean-François\.m2\repository\org\slf4j\slf4j-log4j12\1.7.7\slf4j-log4j12-1.7.7.jar;C:\Users\Jean-François\.m2\repository\org\springframework\spring-aop\4.1.0.RELEASE\spring-aop-4.1.0.RELEASE.jar;C:\Users\Jean-François\.m2\repository\org\springframework\spring-beans\4.1.0.RELEASE\spring-beans-4.1.0.RELEASE.jar;C:\Users\Jean-François\.m2\repository\org\springframework\spring-context\4.1.0.RELEASE\spring-context-4.1.0.RELEASE.jar;C:\Users\Jean-François\.m2\repository\org\springframework\spring-core\4.1.0.RELEASE\spring-core-4.1.0.RELEASE.jar;C:\Users\Jean-François\.m2\repository\org\springframework\spring-expression\4.1.0.RELEASE\spring-expression-4.1.0.RELEASE.jar;C:\Users\Jean-François\.m2\repository\org\springframework\spring-web\4.1.0.RELEASE\spring-web-4.1.0.RELEASE.jar;C:\Users\Jean-François\.m2\repository\org\springframework\spring-webmvc\4.1.0.RELEASE\spring-webmvc-4.1.0.RELEASE.jar;C:\Users\Jean-François\.m2\repository\xmlpull\xmlpull\1.1.3.1\xmlpull-1.1.3.1.jar;C:\Users\Jean-François\.m2\repository\xpp3\xpp3_min\1.1.4c\xpp3_min-1.1.4c.jar;A:\Git\ProjetDeSessionTortoise2\trunk\target\classes
-d
A:\Git\ProjetDeSessionTortoise2\trunk\target\classes
A:\Git\ProjetDeSessionTortoise2\trunk\src\main\java\ca\ulaval\glo4003\projet_de_session\compte\entreprise\departement\DepartementViewModel.java
A:\Git\ProjetDeSessionTortoise2\trunk\src\main\java\ca\ulaval\glo4003\projet_de_session\compte\entreprise\departement\projet\ProjetViewModel.java
A:\Git\ProjetDeSessionTortoise2\trunk\src\main\java\ca\ulaval\glo4003\projet_de_session\web\controllers\ControleurDiverse.java
A:\Git\ProjetDeSessionTortoise2\trunk\src\main\java\ca\ulaval\glo4003\projet_de_session\depense\DepenseViewModel.java
A:\Git\ProjetDeSessionTortoise2\trunk\src\main\java\ca\ulaval\glo4003\projet_de_session\compte\entreprise\departement\FactoryDepartement.java
A:\Git\ProjetDeSessionTortoise2\trunk\src\main\java\ca\ulaval\glo4003\projet_de_session\web\controllers\ControleurDeplacement.java
A:\Git\ProjetDeSessionTortoise2\trunk\src\main\java\ca\ulaval\glo4003\projet_de_session\compte\entreprise\ServiceEntreprise.java
A:\Git\ProjetDeSessionTortoise2\trunk\src\main\java\ca\ulaval\glo4003\projet_de_session\compte\entreprise\RepoEntrepriseXml.java
A:\Git\ProjetDeSessionTortoise2\trunk\src\main\java\ca\ulaval\glo4003\projet_de_session\web\controllers\ControllerAssignation.java
A:\Git\ProjetDeSessionTortoise2\trunk\src\main\java\ca\ulaval\glo4003\projet_de_session\compte\employe\Employe.java
A:\Git\ProjetDeSessionTortoise2\trunk\src\main\java\ca\ulaval\glo4003\projet_de_session\compte\entreprise\Entreprise.java
A:\Git\ProjetDeSessionTortoise2\trunk\src\main\java\ca\ulaval\glo4003\projet_de_session\feuilleDeTemps\tempsParTache\TempsParTacheViewModel.java
A:\Git\ProjetDeSessionTortoise2\trunk\src\main\java\ca\ulaval\glo4003\projet_de_session\web\session\ServiceSession.java
A:\Git\ProjetDeSessionTortoise2\trunk\src\main\java\ca\ulaval\glo4003\projet_de_session\compte\UtilisateurViewModel.java
A:\Git\ProjetDeSessionTortoise2\trunk\src\main\java\ca\ulaval\glo4003\projet_de_session\depense\diverse\FactoryDepenseDiverse.java
A:\Git\ProjetDeSessionTortoise2\trunk\src\main\java\ca\ulaval\glo4003\projet_de_session\web\controllers\ControlleurDepartement.java
A:\Git\ProjetDeSessionTortoise2\trunk\src\main\java\ca\ulaval\glo4003\projet_de_session\depense\deplacement\DepenseDeplacementConverter.java
A:\Git\ProjetDeSessionTortoise2\trunk\src\main\java\ca\ulaval\glo4003\projet_de_session\repository\FactoryInnexistanteExeption.java
A:\Git\ProjetDeSessionTortoise2\trunk\src\main\java\ca\ulaval\glo4003\projet_de_session\depense\diverse\RepoDepenseDiverseXml.java
A:\Git\ProjetDeSessionTortoise2\trunk\src\main\java\ca\ulaval\glo4003\projet_de_session\feuilleDeTemps\FeuilleDeTempsViewModel.java
A:\Git\ProjetDeSessionTortoise2\trunk\src\main\java\ca\ulaval\glo4003\projet_de_session\web\controllers\ControlleurFeuilleDeTemps.java
A:\Git\ProjetDeSessionTortoise2\trunk\src\main\java\ca\ulaval\glo4003\projet_de_session\depense\diverse\ServiceDepenseDiverse.java
A:\Git\ProjetDeSessionTortoise2\trunk\src\main\java\ca\ulaval\glo4003\projet_de_session\repository\Repository.java
A:\Git\ProjetDeSessionTortoise2\trunk\src\main\java\ca\ulaval\glo4003\projet_de_session\compte\entreprise\departement\projet\Projet.java
A:\Git\ProjetDeSessionTortoise2\trunk\src\main\java\ca\ulaval\glo4003\projet_de_session\compte\Utilisateur.java
A:\Git\ProjetDeSessionTortoise2\trunk\src\main\java\ca\ulaval\glo4003\projet_de_session\depense\diverse\DepenseDiverseConverter.java
A:\Git\ProjetDeSessionTortoise2\trunk\src\main\java\ca\ulaval\glo4003\projet_de_session\web\session\IServiceSession.java
A:\Git\ProjetDeSessionTortoise2\trunk\src\main\java\ca\ulaval\glo4003\projet_de_session\compte\entreprise\departement\Departement.java
A:\Git\ProjetDeSessionTortoise2\trunk\src\main\java\ca\ulaval\glo4003\projet_de_session\compte\entreprise\departement\projet\ProjetIntrouvableException.java
A:\Git\ProjetDeSessionTortoise2\trunk\src\main\java\ca\ulaval\glo4003\projet_de_session\compte\entreprise\FactoryEntreprise.java
A:\Git\ProjetDeSessionTortoise2\trunk\src\main\java\ca\ulaval\glo4003\projet_de_session\compte\entreprise\departement\projet\tache\TacheIntrouvableException.java
A:\Git\ProjetDeSessionTortoise2\trunk\src\main\java\ca\ulaval\glo4003\projet_de_session\compte\entreprise\departement\projet\tache\Tache.java
A:\Git\ProjetDeSessionTortoise2\trunk\src\main\java\ca\ulaval\glo4003\projet_de_session\repository\xml\RepoGeneralXml.java
A:\Git\ProjetDeSessionTortoise2\trunk\src\main\java\ca\ulaval\glo4003\projet_de_session\compte\employe\EmployeeConverter.java
A:\Git\ProjetDeSessionTortoise2\trunk\src\main\java\ca\ulaval\glo4003\projet_de_session\compte\employe\ServiceEmploye.java
A:\Git\ProjetDeSessionTortoise2\trunk\src\main\java\ca\ulaval\glo4003\projet_de_session\depense\deplacement\ServiceDepenseDeplacement.java
A:\Git\ProjetDeSessionTortoise2\trunk\src\main\java\ca\ulaval\glo4003\projet_de_session\depense\deplacement\FactoryDepenseDeplacement.java
A:\Git\ProjetDeSessionTortoise2\trunk\src\main\java\ca\ulaval\glo4003\projet_de_session\compte\entreprise\departement\projet\tache\EmployeTachesViewModel.java
A:\Git\ProjetDeSessionTortoise2\trunk\src\main\java\ca\ulaval\glo4003\projet_de_session\compte\employe\EmployeIntrouvableException.java
A:\Git\ProjetDeSessionTortoise2\trunk\src\main\java\ca\ulaval\glo4003\projet_de_session\compte\ServiceUtilisateur.java
A:\Git\ProjetDeSessionTortoise2\trunk\src\main\java\ca\ulaval\glo4003\projet_de_session\depense\deplacement\DepenseDeplacementViewModel.java
A:\Git\ProjetDeSessionTortoise2\trunk\src\main\java\ca\ulaval\glo4003\projet_de_session\compte\employe\FactoryEmploye.java
A:\Git\ProjetDeSessionTortoise2\trunk\src\main\java\ca\ulaval\glo4003\projet_de_session\depense\diverse\DepenseDiverse.java
A:\Git\ProjetDeSessionTortoise2\trunk\src\main\java\ca\ulaval\glo4003\projet_de_session\compte\entreprise\departement\DepartementIntrouvableException.java
A:\Git\ProjetDeSessionTortoise2\trunk\src\main\java\ca\ulaval\glo4003\projet_de_session\feuilleDeTemps\FeuilleDeTemps.java
A:\Git\ProjetDeSessionTortoise2\trunk\src\main\java\ca\ulaval\glo4003\projet_de_session\web\utils\Reponse.java
A:\Git\ProjetDeSessionTortoise2\trunk\src\main\java\ca\ulaval\glo4003\projet_de_session\compte\employe\EmployeeViewModel.java
A:\Git\ProjetDeSessionTortoise2\trunk\src\main\java\ca\ulaval\glo4003\projet_de_session\feuilleDeTemps\FeuilleDeTempsConverter.java
A:\Git\ProjetDeSessionTortoise2\trunk\src\main\java\ca\ulaval\glo4003\projet_de_session\web\controllers\ControllerPrincipal.java
A:\Git\ProjetDeSessionTortoise2\trunk\src\main\java\ca\ulaval\glo4003\projet_de_session\feuilleDeTemps\ServiceFeuilleDeTemps.java
A:\Git\ProjetDeSessionTortoise2\trunk\src\main\java\ca\ulaval\glo4003\projet_de_session\feuilleDeTemps\tempsParTache\TempsParTache.java
A:\Git\ProjetDeSessionTortoise2\trunk\src\main\java\ca\ulaval\glo4003\projet_de_session\depense\diverse\DepenseDiverseViewModel.java
A:\Git\ProjetDeSessionTortoise2\trunk\src\main\java\ca\ulaval\glo4003\projet_de_session\depense\Depense.java
A:\Git\ProjetDeSessionTortoise2\trunk\src\main\java\ca\ulaval\glo4003\projet_de_session\compte\entreprise\departement\projet\FactoryProjet.java
A:\Git\ProjetDeSessionTortoise2\trunk\src\main\java\ca\ulaval\glo4003\projet_de_session\repository\FactoryRepository.java
A:\Git\ProjetDeSessionTortoise2\trunk\src\main\java\ca\ulaval\glo4003\projet_de_session\repository\xml\Xml.java
A:\Git\ProjetDeSessionTortoise2\trunk\src\main\java\ca\ulaval\glo4003\projet_de_session\compte\employe\RepoEmployeXml.java
A:\Git\ProjetDeSessionTortoise2\trunk\src\main\java\ca\ulaval\glo4003\projet_de_session\depense\deplacement\RepoDepenseDeplacementXml.java
A:\Git\ProjetDeSessionTortoise2\trunk\src\main\java\ca\ulaval\glo4003\projet_de_session\depense\deplacement\DepenseDeplacement.java
A:\Git\ProjetDeSessionTortoise2\trunk\src\main\java\ca\ulaval\glo4003\projet_de_session\web\controllers\ControlleurEmploye.java
A:\Git\ProjetDeSessionTortoise2\trunk\src\main\java\ca\ulaval\glo4003\projet_de_session\feuilleDeTemps\RepoFeuilleDeTempsXml.java
A:\Git\ProjetDeSessionTortoise2\trunk\src\main\java\ca\ulaval\glo4003\projet_de_session\feuilleDeTemps\FeuilleDeTempsIntrouvableException.java
A:\Git\ProjetDeSessionTortoise2\trunk\src\main\java\ca\ulaval\glo4003\projet_de_session\feuilleDeTemps\FactoryFeuilleDeTemps.java
